<?xml version="1.0" encoding="UTF-8"?>
<testng-results ignored="0" total="1" passed="1" failed="0" skipped="0">
  <reporter-output>
  </reporter-output>
  <suite started-at="2025-09-28T22:12:38 IST" name="Suite" finished-at="2025-09-28T22:13:32 IST" duration-ms="53495">
    <groups>
    </groups>
    <test started-at="2025-09-28T22:12:38 IST" name="Test" finished-at="2025-09-28T22:13:32 IST" duration-ms="53495">
      <class name="testcases.Google">
        <test-method signature="test()[pri:0, instance:testcases.Google@1a04f701]" started-at="2025-09-28T22:12:38 IST" name="test" finished-at="2025-09-28T22:13:32 IST" duration-ms="53387" status="PASS">
          <reporter-output>
          </reporter-output>
        </test-method> <!-- test -->
      </class> <!-- testcases.Google -->
    </test> <!-- Test -->
  </suite> <!-- Suite -->
</testng-results>
