<?xml version="1.0" encoding="UTF-8"?>
<testng-results ignored="0" total="1" passed="1" failed="0" skipped="0">
  <reporter-output>
  </reporter-output>
  <suite started-at="2025-09-21T12:56:36 IST" name="Default suite" finished-at="2025-09-21T12:57:18 IST" duration-ms="42348">
    <groups>
    </groups>
    <test started-at="2025-09-21T12:56:36 IST" name="Default test" finished-at="2025-09-21T12:57:18 IST" duration-ms="42348">
      <class name="testcases.Google">
        <test-method signature="test()[pri:0, instance:testcases.Google@6c130c45]" started-at="2025-09-21T12:56:36 IST" name="test" finished-at="2025-09-21T12:57:18 IST" duration-ms="42291" status="PASS">
          <reporter-output>
          </reporter-output>
        </test-method> <!-- test -->
      </class> <!-- testcases.Google -->
    </test> <!-- Default test -->
  </suite> <!-- Default suite -->
</testng-results>
